<?xml version="1.0" encoding="UTF-8"?>
<!-- Generated by org.testng.reporters.JUnitXMLReporter -->
<testsuite hostname="Arul" ignored="0" name="Default test" tests="3" failures="0" timestamp="21 Aug 2019 10:34:06 GMT" time="40.644" errors="0">
  <testcase name="loginPageTitleTest" time="0.061" classname="com.crm.qa.testcases.LoginPageTest"/>
  <testcase name="crmLogoTest" time="0.121" classname="com.crm.qa.testcases.LoginPageTest"/>
  <testcase name="loginTest" time="6.687" classname="com.crm.qa.testcases.LoginPageTest"/>
</testsuite> <!-- Default test -->
